[21:32:20] [ServerMain/INFO]: Environment: Environment[sessionHost=https://sessionserver.mojang.com, servicesHost=https://api.minecraftservices.com, name=PROD]
[21:32:22] [ServerMain/INFO]: Loaded 1370 recipes
[21:32:22] [ServerMain/INFO]: Loaded 1481 advancements
[21:32:22] [Server thread/INFO]: Starting minecraft server version 1.21.4
[21:32:22] [Server thread/INFO]: Loading properties
[21:32:22] [Server thread/INFO]: Default game type: SURVIVAL
[21:32:22] [Server thread/INFO]: Generating keypair
[21:32:22] [Server thread/INFO]: Starting Minecraft server on *:25565
[21:32:23] [Server thread/INFO]: Using default channel type
[21:32:23] [Server thread/INFO]: Preparing level "world"
[21:32:23] [Server thread/INFO]: Preparing start region for dimension minecraft:overworld
[21:32:25] [Worker-Main-2/INFO]: Preparing spawn area: 0%
[21:32:25] [Worker-Main-2/INFO]: Preparing spawn area: 0%
[21:32:25] [Worker-Main-2/INFO]: Preparing spawn area: 0%
[21:32:25] [Worker-Main-5/INFO]: Preparing spawn area: 0%
[21:32:25] [Server thread/INFO]: Time elapsed: 1653 ms
[21:32:25] [Server thread/INFO]: Done (2.074s)! For help, type "help"
[21:33:25] [Server thread/INFO]: Server empty for 60 seconds, pausing
[21:33:57] [User Authenticator #1/INFO]: UUID of player SFONCHIK is 2d08e55e-8ea8-42a2-a6ad-6002e0b17017
[21:33:57] [Server thread/INFO]: SFONCHIK[/26.32.150.21:57907] logged in with entity id 124 at (-169.5, 76.0, -142.5)
[21:33:57] [Server thread/INFO]: SFONCHIK joined the game
[21:34:44] [Server thread/INFO]: [Not Secure] [Server] давид любит оогромные чл....
[21:35:24] [Server thread/INFO]: Set SFONCHIK's game mode to Creative Mode
[21:35:39] [Server thread/INFO]: SFONCHIK has made the advancement [Acquire Hardware]
[21:47:04] [Server thread/INFO]: SFONCHIK lost connection: Disconnected
[21:47:04] [Server thread/INFO]: SFONCHIK left the game
[21:48:04] [Server thread/INFO]: Server empty for 60 seconds, pausing
[21:52:31] [User Authenticator #2/INFO]: UUID of player kltzqu is 6355c171-d3de-45bb-bea2-5e2eb807358c
[21:52:31] [Server thread/INFO]: kltzqu[/127.0.0.1:54650] logged in with entity id 5862 at (-156.38788303217555, 78.0, -148.87466854111804)
[21:52:31] [Server thread/INFO]: kltzqu joined the game
[21:52:50] [Server thread/INFO]: Made kltzqu a server operator
[21:52:54] [Server thread/INFO]: [kltzqu: Set own game mode to Creative Mode]
[21:58:45] [Server thread/INFO]: kltzqu has made the advancement [Ice Bucket Challenge]
[21:58:53] [Server thread/INFO]: kltzqu has completed the challenge [Cover Me in Debris]
[21:59:50] [Server thread/INFO]: kltzqu has made the advancement [Who Needs Rockets?]
[22:00:28] [Server thread/INFO]: kltzqu has reached the goal [Sky's the Limit]
[22:01:57] [Server thread/INFO]: kltzqu lost connection: Disconnected
[22:01:57] [Server thread/INFO]: kltzqu left the game
[22:02:57] [Server thread/INFO]: Server empty for 60 seconds, pausing
